SmartAlert/build/outputs/logs/manifest-merger-debug-report.txt
-- Merging decision tree log ---
manifest
ADDED from src\main\AndroidManifest.xml:2:1-59:12
	xmlns:android
		ADDED from src\main\AndroidManifest.xml:2:11-69
	package
		ADDED from src\main\AndroidManifest.xml:3:5-39
		INJECTED from src\main\AndroidManifest.xml
		INJECTED from src\main\AndroidManifest.xml
	android:versionName
		ADDED from src\main\AndroidManifest.xml:5:5-30
		INJECTED from src\main\AndroidManifest.xml
		INJECTED from src\main\AndroidManifest.xml
	android:versionCode
		ADDED from src\main\AndroidManifest.xml:4:5-28
		INJECTED from src\main\AndroidManifest.xml
		INJECTED from src\main\AndroidManifest.xml
uses-sdk
ADDED from src\main\AndroidManifest.xml:7:5-9:41
MERGED from [com.android.support:appcompat-v7:21.0.3] AndroidManifest.xml:15:5-42
MERGED from [com.android.support:support-v4:21.0.3] AndroidManifest.xml:15:5-42
MERGED from [com.android.support:support-v4:21.0.3] AndroidManifest.xml:15:5-42
	android:targetSdkVersion
		ADDED from src\main\AndroidManifest.xml:9:9-38
		INJECTED from src\main\AndroidManifest.xml
		INJECTED from src\main\AndroidManifest.xml
	android:minSdkVersion
		ADDED from src\main\AndroidManifest.xml:8:9-35
		INJECTED from src\main\AndroidManifest.xml
		INJECTED from src\main\AndroidManifest.xml
application
ADDED from src\main\AndroidManifest.xml:11:5-57:19
MERGED from [com.android.support:appcompat-v7:21.0.3] AndroidManifest.xml:16:5-19
MERGED from [com.android.support:support-v4:21.0.3] AndroidManifest.xml:16:5-19
MERGED from [com.android.support:support-v4:21.0.3] AndroidManifest.xml:16:5-19
	android:label
		ADDED from src\main\AndroidManifest.xml:14:9-41
	android:allowBackup
		ADDED from src\main\AndroidManifest.xml:12:9-35
	android:icon
		ADDED from src\main\AndroidManifest.xml:13:9-45
	android:theme
		ADDED from src\main\AndroidManifest.xml:15:9-40
activity#com.namleesin.smartalert.main.MainActivity
ADDED from src\main\AndroidManifest.xml:16:9-23:20
	android:label
		ADDED from src\main\AndroidManifest.xml:18:13-45
	android:name
		ADDED from src\main\AndroidManifest.xml:17:13-70
intent-filter#android.intent.action.MAIN+android.intent.category.LAUNCHER
ADDED from src\main\AndroidManifest.xml:19:13-22:29
action#android.intent.action.MAIN
ADDED from src\main\AndroidManifest.xml:20:17-69
	android:name
		ADDED from src\main\AndroidManifest.xml:20:25-66
category#android.intent.category.LAUNCHER
ADDED from src\main\AndroidManifest.xml:21:17-77
	android:name
		ADDED from src\main\AndroidManifest.xml:21:27-74
activity#com.namleesin.smartalert.main.SplashScreenActivity
ADDED from src\main\AndroidManifest.xml:24:9-27:20
	android:name
		ADDED from src\main\AndroidManifest.xml:25:13-78
activity#com.namleesin.smartalert.guidemgr.GuideDes01Activity
ADDED from src\main\AndroidManifest.xml:28:9-31:20
	android:name
		ADDED from src\main\AndroidManifest.xml:29:13-80
activity#com.namleesin.smartalert.guidemgr.GuideDes02Activity
ADDED from src\main\AndroidManifest.xml:32:9-35:20
	android:name
		ADDED from src\main\AndroidManifest.xml:33:13-80
activity#com.namleesin.smartalert.guidemgr.GuideDes03Activity
ADDED from src\main\AndroidManifest.xml:36:9-39:20
	android:name
		ADDED from src\main\AndroidManifest.xml:37:13-80
activity#com.namleesin.smartalert.settingmgr.AlertSettingActivity
ADDED from src\main\AndroidManifest.xml:40:9-43:20
	android:name
		ADDED from src\main\AndroidManifest.xml:41:13-84
activity#com.namleesin.smartalert.settingmgr.SpamNotiSettingActivity
ADDED from src\main\AndroidManifest.xml:44:9-47:20
	android:name
		ADDED from src\main\AndroidManifest.xml:45:13-87
activity#com.namleesin.smartalert.settingmgr.LikeNotiSettingActivity
ADDED from src\main\AndroidManifest.xml:48:9-51:20
	android:name
		ADDED from src\main\AndroidManifest.xml:49:13-87
activity#com.namleesin.smartalert.graph.SAGraphActivity
ADDED from src\main\AndroidManifest.xml:52:9-56:20
	android:name
		ADDED from src\main\AndroidManifest.xml:53:13-74